<?xml version="1.0" encoding="UTF-8"?>
<!-- Generated by org.testng.reporters.JUnitReportReporter -->
<testsuite skipped="0" hostname="DESKTOP-1OA425B" name="com.qa.hubspot.tests.HomePageTest" tests="1" failures="0" timestamp="05 Jul 2020 19:43:17 GMT" time="0.040" errors="0">
  <testcase name="verifyHomePageTitletest" time="0.040" classname="com.qa.hubspot.tests.HomePageTest"/>
</testsuite> <!-- com.qa.hubspot.tests.HomePageTest -->
