<?xml version="1.0" encoding="UTF-8"?>
<!-- Generated by org.testng.reporters.JUnitReportReporter -->
<testsuite skipped="0" hostname="DESKTOP-1OA425B" name="com.qa.hubspot.tests.LoginPageTest" tests="6" failures="0" timestamp="07 Jul 2020 05:44:33 GMT" time="28.822" errors="0">
  <testcase name="verifyLoginPageTitleTest" time="1.360" classname="com.qa.hubspot.tests.LoginPageTest"/>
  <testcase name="verifySignUpLinkTest" time="2.408" classname="com.qa.hubspot.tests.LoginPageTest"/>
  <testcase name="verifyForgotMyPasswordTest" time="1.777" classname="com.qa.hubspot.tests.LoginPageTest"/>
  <testcase name="verifyShowpasswordTest" time="1.657" classname="com.qa.hubspot.tests.LoginPageTest"/>
  <testcase name="verifySSOButtonTest" time="1.294" classname="com.qa.hubspot.tests.LoginPageTest"/>
  <testcase name="loginTest" time="20.326" classname="com.qa.hubspot.tests.LoginPageTest"/>
</testsuite> <!-- com.qa.hubspot.tests.LoginPageTest -->
